This file contains any messages produced by compilers while
running configure, to aid debugging if configure makes a mistake.

It was created by nemea-common configure 1.5.1, which was
generated by GNU Autoconf 2.69.  Invocation command line was

  $ ./configure 

## --------- ##
## Platform. ##
## --------- ##

hostname = xLad-Air
uname -m = x86_64
uname -r = 16.1.0
uname -s = Darwin
uname -v = Darwin Kernel Version 16.1.0: Thu Oct 13 21:26:57 PDT 2016; root:xnu-3789.21.3~60/RELEASE_X86_64

/usr/bin/uname -p = i386
/bin/uname -X     = unknown

/bin/arch              = unknown
/usr/bin/arch -k       = unknown
/usr/convex/getsysinfo = unknown
/usr/bin/hostinfo      = Mach kernel version:
	 Darwin Kernel Version 16.1.0: Thu Oct 13 21:26:57 PDT 2016; root:xnu-3789.21.3~60/RELEASE_X86_64
Kernel configured for up to 4 processors.
2 processors are physically available.
4 processors are logically available.
Processor type: x86_64h (Intel x86-64h Haswell)
Processors active: 0 1 2 3
Primary memory available: 8.00 gigabytes
Default processor set: 249 tasks, 1633 threads, 4 processors
Load average: 1.85, Mach factor: 2.23
/bin/machine           = unknown
/usr/bin/oslevel       = unknown
/bin/universe          = unknown

PATH: /opt/local/bin
PATH: /opt/local/sbin
PATH: /opt/local/bin
PATH: /opt/local/sbin
PATH: /usr/local/bin
PATH: /usr/bin
PATH: /bin
PATH: /usr/sbin
PATH: /sbin


## ----------- ##
## Core tests. ##
## ----------- ##

configure:2564: checking for a BSD-compatible install
configure:2632: result: /usr/bin/install -c
configure:2643: checking whether build environment is sane
configure:2698: result: yes
configure:2849: checking for a thread-safe mkdir -p
configure:2888: result: ./install-sh -c -d
configure:2895: checking for gawk
configure:2925: result: no
configure:2895: checking for mawk
configure:2925: result: no
configure:2895: checking for nawk
configure:2925: result: no
configure:2895: checking for awk
configure:2911: found /usr/bin/awk
configure:2922: result: awk
configure:2933: checking whether make sets $(MAKE)
configure:2955: result: yes
configure:2984: checking whether make supports nested variables
configure:3001: result: yes
configure:3138: checking whether make supports nested variables
configure:3155: result: yes
configure:3221: checking build system type
configure:3235: result: x86_64-apple-darwin16.1.0
configure:3255: checking host system type
configure:3268: result: x86_64-apple-darwin16.1.0
configure:3309: checking how to print strings
configure:3336: result: printf
configure:3369: checking for style of include used by make
configure:3397: result: GNU
configure:3468: checking for gcc
configure:3484: found /usr/bin/gcc
configure:3495: result: gcc
configure:3724: checking for C compiler version
configure:3733: gcc --version >&5
Apple LLVM version 8.0.0 (clang-800.0.42.1)
Target: x86_64-apple-darwin16.1.0
Thread model: posix
InstalledDir: /Applications/Xcode.app/Contents/Developer/Toolchains/XcodeDefault.xctoolchain/usr/bin
Configured with: --prefix=/Applications/Xcode.app/Contents/Developer/usr --with-gxx-include-dir=/Applications/Xcode.app/Contents/Developer/Platforms/MacOSX.platform/Developer/SDKs/MacOSX10.12.sdk/usr/include/c++/4.2.1
configure:3744: $? = 0
configure:3733: gcc -v >&5
Configured with: --prefix=/Applications/Xcode.app/Contents/Developer/usr --with-gxx-include-dir=/Applications/Xcode.app/Contents/Developer/Platforms/MacOSX.platform/Developer/SDKs/MacOSX10.12.sdk/usr/include/c++/4.2.1
Apple LLVM version 8.0.0 (clang-800.0.42.1)
Target: x86_64-apple-darwin16.1.0
Thread model: posix
InstalledDir: /Applications/Xcode.app/Contents/Developer/Toolchains/XcodeDefault.xctoolchain/usr/bin
configure:3744: $? = 0
configure:3733: gcc -V >&5
clang: error: argument to '-V' is missing (expected 1 value)
clang: error: no input files
configure:3744: $? = 1
configure:3733: gcc -qversion >&5
clang: error: unknown argument: '-qversion'
clang: error: no input files
configure:3744: $? = 1
configure:3764: checking whether the C compiler works
configure:3786: gcc -Wall -O3    conftest.c  >&5
configure:3790: $? = 0
configure:3838: result: yes
configure:3841: checking for C compiler default output file name
configure:3843: result: a.out
configure:3849: checking for suffix of executables
configure:3856: gcc -o conftest -Wall -O3    conftest.c  >&5
configure:3860: $? = 0
configure:3882: result: 
configure:3904: checking whether we are cross compiling
configure:3912: gcc -o conftest -Wall -O3    conftest.c  >&5
configure:3916: $? = 0
configure:3923: ./conftest
configure:3927: $? = 0
configure:3942: result: no
configure:3947: checking for suffix of object files
configure:3969: gcc -c -Wall -O3   conftest.c >&5
configure:3973: $? = 0
configure:3994: result: o
configure:3998: checking whether we are using the GNU C compiler
configure:4017: gcc -c -Wall -O3   conftest.c >&5
configure:4017: $? = 0
configure:4026: result: yes
configure:4035: checking whether gcc accepts -g
configure:4055: gcc -c -g  conftest.c >&5
configure:4055: $? = 0
configure:4096: result: yes
configure:4113: checking for gcc option to accept ISO C89
configure:4176: gcc  -c -Wall -O3   conftest.c >&5
configure:4176: $? = 0
configure:4189: result: none needed
configure:4214: checking whether gcc understands -c and -o together
configure:4236: gcc -c conftest.c -o conftest2.o
configure:4239: $? = 0
configure:4236: gcc -c conftest.c -o conftest2.o
configure:4239: $? = 0
configure:4251: result: yes
configure:4270: checking dependency style of gcc
configure:4381: result: gcc3
configure:4396: checking for a sed that does not truncate output
configure:4460: result: /usr/bin/sed
configure:4478: checking for grep that handles long lines and -e
configure:4536: result: /usr/bin/grep
configure:4541: checking for egrep
configure:4603: result: /usr/bin/grep -E
configure:4608: checking for fgrep
configure:4670: result: /usr/bin/grep -F
configure:4705: checking for ld used by gcc
configure:4772: result: /Applications/Xcode.app/Contents/Developer/Toolchains/XcodeDefault.xctoolchain/usr/bin/ld
configure:4779: checking if the linker (/Applications/Xcode.app/Contents/Developer/Toolchains/XcodeDefault.xctoolchain/usr/bin/ld) is GNU ld
configure:4794: result: no
configure:4806: checking for BSD- or MS-compatible name lister (nm)
configure:4860: result: /usr/bin/nm -B
configure:4990: checking the name lister (/usr/bin/nm -B) interface
configure:4997: gcc -c -Wall -O3   conftest.c >&5
configure:5000: /usr/bin/nm -B "conftest.o"
configure:5003: output
0000000000000000 S _some_variable
configure:5010: result: BSD nm
configure:5013: checking whether ln -s works
configure:5017: result: yes
configure:5025: checking the maximum length of command line arguments
configure:5156: result: 196608
configure:5204: checking how to convert x86_64-apple-darwin16.1.0 file names to x86_64-apple-darwin16.1.0 format
configure:5244: result: func_convert_file_noop
configure:5251: checking how to convert x86_64-apple-darwin16.1.0 file names to toolchain format
configure:5271: result: func_convert_file_noop
configure:5278: checking for /Applications/Xcode.app/Contents/Developer/Toolchains/XcodeDefault.xctoolchain/usr/bin/ld option to reload object files
configure:5285: result: -r
configure:5359: checking for objdump
configure:5375: found /usr/bin/objdump
configure:5386: result: objdump
configure:5418: checking how to recognize dependent libraries
configure:5618: result: pass_all
configure:5703: checking for dlltool
configure:5733: result: no
configure:5763: checking how to associate runtime and link libraries
configure:5790: result: printf %s\n
configure:5851: checking for ar
configure:5867: found /usr/bin/ar
configure:5878: result: ar
configure:5915: checking for archiver @FILE support
configure:5932: gcc -c -Wall -O3   conftest.c >&5
configure:5932: $? = 0
configure:5935: ar cru libconftest.a @conftest.lst >&5
ar: @conftest.lst: No such file or directory
configure:5938: $? = 1
configure:5958: result: no
configure:6016: checking for strip
configure:6032: found /usr/bin/strip
configure:6043: result: strip
configure:6115: checking for ranlib
configure:6131: found /usr/bin/ranlib
configure:6142: result: ranlib
configure:6244: checking command to parse /usr/bin/nm -B output from gcc object
configure:6397: gcc -c -Wall -O3   conftest.c >&5
configure:6400: $? = 0
configure:6404: /usr/bin/nm -B conftest.o \| sed -n -e 's/^.*[ ]\([BCDEGRST][BCDEGRST]*\)[ ][ ]*\([_A-Za-z][_A-Za-z0-9]*\)$/\1 \2 \2/p' | sed '/ __gnu_lto/d' \> conftest.nm
configure:6407: $? = 0
cannot find nm_test_var in conftest.nm
configure:6397: gcc -c -Wall -O3   conftest.c >&5
configure:6400: $? = 0
configure:6404: /usr/bin/nm -B conftest.o \| sed -n -e 's/^.*[ ]\([BCDEGRST][BCDEGRST]*\)[ ][ ]*_\([_A-Za-z][_A-Za-z0-9]*\)$/\1 _\2 \2/p' | sed '/ __gnu_lto/d' \> conftest.nm
configure:6407: $? = 0
configure:6473: gcc -o conftest -Wall -O3    conftest.c conftstm.o >&5
configure:6476: $? = 0
configure:6514: result: ok
configure:6561: checking for sysroot
configure:6591: result: no
configure:6598: checking for a working dd
configure:6636: result: /bin/dd
configure:6640: checking how to truncate binary pipes
configure:6655: result: /bin/dd bs=4096 count=1
configure:6984: checking for mt
configure:7014: result: no
configure:7034: checking if : is a manifest tool
configure:7040: : '-?'
configure:7048: result: no
configure:7104: checking for dsymutil
configure:7120: found /usr/bin/dsymutil
configure:7131: result: dsymutil
configure:7196: checking for nmedit
configure:7212: found /usr/bin/nmedit
configure:7223: result: nmedit
configure:7288: checking for lipo
configure:7304: found /usr/bin/lipo
configure:7315: result: lipo
configure:7380: checking for otool
configure:7396: found /usr/bin/otool
configure:7407: result: otool
configure:7472: checking for otool64
configure:7502: result: no
configure:7547: checking for -single_module linker flag
gcc -Wall -O3   -o libconftest.dylib -dynamiclib -Wl,-single_module conftest.c
configure:7580: result: yes
configure:7583: checking for -exported_symbols_list linker flag
configure:7603: gcc -o conftest -Wall -O3    -Wl,-exported_symbols_list,conftest.sym conftest.c  >&5
configure:7603: $? = 0
configure:7613: result: yes
configure:7616: checking for -force_load linker flag
gcc -Wall -O3  -c -o conftest.o conftest.c
ar cru libconftest.a conftest.o
ranlib libconftest.a
gcc -Wall -O3   -o conftest conftest.c -Wl,-force_load,./libconftest.a
configure:7648: result: yes
configure:7725: checking how to run the C preprocessor
configure:7756: gcc -E  conftest.c
configure:7756: $? = 0
configure:7770: gcc -E  conftest.c
conftest.c:11:10: fatal error: 'ac_nonexistent.h' file not found
#include <ac_nonexistent.h>
         ^
1 error generated.
configure:7770: $? = 1
configure: failed program was:
| /* confdefs.h */
| #define PACKAGE_NAME "nemea-common"
| #define PACKAGE_TARNAME "nemea-common"
| #define PACKAGE_VERSION "1.5.1"
| #define PACKAGE_STRING "nemea-common 1.5.1"
| #define PACKAGE_BUGREPORT "traffic-analysis@cesnet.cz"
| #define PACKAGE_URL ""
| #define PACKAGE "nemea-common"
| #define VERSION "1.5.1"
| /* end confdefs.h.  */
| #include <ac_nonexistent.h>
configure:7795: result: gcc -E
configure:7815: gcc -E  conftest.c
configure:7815: $? = 0
configure:7829: gcc -E  conftest.c
conftest.c:11:10: fatal error: 'ac_nonexistent.h' file not found
#include <ac_nonexistent.h>
         ^
1 error generated.
configure:7829: $? = 1
configure: failed program was:
| /* confdefs.h */
| #define PACKAGE_NAME "nemea-common"
| #define PACKAGE_TARNAME "nemea-common"
| #define PACKAGE_VERSION "1.5.1"
| #define PACKAGE_STRING "nemea-common 1.5.1"
| #define PACKAGE_BUGREPORT "traffic-analysis@cesnet.cz"
| #define PACKAGE_URL ""
| #define PACKAGE "nemea-common"
| #define VERSION "1.5.1"
| /* end confdefs.h.  */
| #include <ac_nonexistent.h>
configure:7858: checking for ANSI C header files
configure:7878: gcc -c -Wall -O3   conftest.c >&5
configure:7878: $? = 0
configure:7951: gcc -o conftest -Wall -O3    conftest.c  >&5
configure:7951: $? = 0
configure:7951: ./conftest
configure:7951: $? = 0
configure:7962: result: yes
configure:7975: checking for sys/types.h
configure:7975: gcc -c -Wall -O3   conftest.c >&5
configure:7975: $? = 0
configure:7975: result: yes
configure:7975: checking for sys/stat.h
configure:7975: gcc -c -Wall -O3   conftest.c >&5
configure:7975: $? = 0
configure:7975: result: yes
configure:7975: checking for stdlib.h
configure:7975: gcc -c -Wall -O3   conftest.c >&5
configure:7975: $? = 0
configure:7975: result: yes
configure:7975: checking for string.h
configure:7975: gcc -c -Wall -O3   conftest.c >&5
configure:7975: $? = 0
configure:7975: result: yes
configure:7975: checking for memory.h
configure:7975: gcc -c -Wall -O3   conftest.c >&5
configure:7975: $? = 0
configure:7975: result: yes
configure:7975: checking for strings.h
configure:7975: gcc -c -Wall -O3   conftest.c >&5
configure:7975: $? = 0
configure:7975: result: yes
configure:7975: checking for inttypes.h
configure:7975: gcc -c -Wall -O3   conftest.c >&5
configure:7975: $? = 0
configure:7975: result: yes
configure:7975: checking for stdint.h
configure:7975: gcc -c -Wall -O3   conftest.c >&5
configure:7975: $? = 0
configure:7975: result: yes
configure:7975: checking for unistd.h
configure:7975: gcc -c -Wall -O3   conftest.c >&5
configure:7975: $? = 0
configure:7975: result: yes
configure:7989: checking for dlfcn.h
configure:7989: gcc -c -Wall -O3   conftest.c >&5
configure:7989: $? = 0
configure:7989: result: yes
configure:8245: checking for objdir
configure:8260: result: .libs
configure:8524: checking if gcc supports -fno-rtti -fno-exceptions
configure:8542: gcc -c -Wall -O3   -fno-rtti -fno-exceptions conftest.c >&5
configure:8546: $? = 0
configure:8559: result: yes
configure:8917: checking for gcc option to produce PIC
configure:8924: result: -fno-common -DPIC
configure:8932: checking if gcc PIC flag -fno-common -DPIC works
configure:8950: gcc -c -Wall -O3   -fno-common -DPIC -DPIC conftest.c >&5
configure:8954: $? = 0
configure:8967: result: yes
configure:8996: checking if gcc static flag -static works
configure:9024: result: no
configure:9039: checking if gcc supports -c -o file.o
configure:9060: gcc -c -Wall -O3   -o out/conftest2.o conftest.c >&5
configure:9064: $? = 0
configure:9086: result: yes
configure:9094: checking if gcc supports -c -o file.o
configure:9141: result: yes
configure:9174: checking whether the gcc linker (/Applications/Xcode.app/Contents/Developer/Toolchains/XcodeDefault.xctoolchain/usr/bin/ld) supports shared libraries
configure:10433: result: yes
configure:10673: checking dynamic linker characteristics
configure:11491: result: darwin16.1.0 dyld
configure:11613: checking how to hardcode library paths into programs
configure:11638: result: immediate
configure:12186: checking whether stripping libraries is possible
configure:12200: result: yes
configure:12226: checking if libtool supports shared libraries
configure:12228: result: yes
configure:12231: checking whether to build shared libraries
configure:12256: result: yes
configure:12259: checking whether to build static libraries
configure:12263: result: yes
configure:12318: checking for gcc option to accept ISO C99
configure:12467: gcc  -c -Wall -O3   conftest.c >&5
configure:12467: $? = 0
configure:12480: result: none needed
configure:12553: checking for g++
configure:12569: found /usr/bin/g++
configure:12580: result: g++
configure:12607: checking for C++ compiler version
configure:12616: g++ --version >&5
Apple LLVM version 8.0.0 (clang-800.0.42.1)
Target: x86_64-apple-darwin16.1.0
Thread model: posix
InstalledDir: /Applications/Xcode.app/Contents/Developer/Toolchains/XcodeDefault.xctoolchain/usr/bin
Configured with: --prefix=/Applications/Xcode.app/Contents/Developer/usr --with-gxx-include-dir=/Applications/Xcode.app/Contents/Developer/Platforms/MacOSX.platform/Developer/SDKs/MacOSX10.12.sdk/usr/include/c++/4.2.1
configure:12627: $? = 0
configure:12616: g++ -v >&5
Configured with: --prefix=/Applications/Xcode.app/Contents/Developer/usr --with-gxx-include-dir=/Applications/Xcode.app/Contents/Developer/Platforms/MacOSX.platform/Developer/SDKs/MacOSX10.12.sdk/usr/include/c++/4.2.1
Apple LLVM version 8.0.0 (clang-800.0.42.1)
Target: x86_64-apple-darwin16.1.0
Thread model: posix
InstalledDir: /Applications/Xcode.app/Contents/Developer/Toolchains/XcodeDefault.xctoolchain/usr/bin
configure:12627: $? = 0
configure:12616: g++ -V >&5
clang: error: argument to '-V' is missing (expected 1 value)
clang: error: no input files
configure:12627: $? = 1
configure:12616: g++ -qversion >&5
clang: error: unknown argument: '-qversion'
clang: error: no input files
configure:12627: $? = 1
configure:12631: checking whether we are using the GNU C++ compiler
configure:12650: g++ -c -Wall -O3   conftest.cpp >&5
configure:12650: $? = 0
configure:12659: result: yes
configure:12668: checking whether g++ accepts -g
configure:12688: g++ -c -g  conftest.cpp >&5
configure:12688: $? = 0
configure:12729: result: yes
configure:12754: checking dependency style of g++
configure:12865: result: gcc3
configure:12898: checking how to run the C++ preprocessor
configure:12925: g++ -E  conftest.cpp
configure:12925: $? = 0
configure:12939: g++ -E  conftest.cpp
conftest.cpp:23:10: fatal error: 'ac_nonexistent.h' file not found
#include <ac_nonexistent.h>
         ^
1 error generated.
configure:12939: $? = 1
configure: failed program was:
| /* confdefs.h */
| #define PACKAGE_NAME "nemea-common"
| #define PACKAGE_TARNAME "nemea-common"
| #define PACKAGE_VERSION "1.5.1"
| #define PACKAGE_STRING "nemea-common 1.5.1"
| #define PACKAGE_BUGREPORT "traffic-analysis@cesnet.cz"
| #define PACKAGE_URL ""
| #define PACKAGE "nemea-common"
| #define VERSION "1.5.1"
| #define STDC_HEADERS 1
| #define HAVE_SYS_TYPES_H 1
| #define HAVE_SYS_STAT_H 1
| #define HAVE_STDLIB_H 1
| #define HAVE_STRING_H 1
| #define HAVE_MEMORY_H 1
| #define HAVE_STRINGS_H 1
| #define HAVE_INTTYPES_H 1
| #define HAVE_STDINT_H 1
| #define HAVE_UNISTD_H 1
| #define HAVE_DLFCN_H 1
| #define LT_OBJDIR ".libs/"
| /* end confdefs.h.  */
| #include <ac_nonexistent.h>
configure:12964: result: g++ -E
configure:12984: g++ -E  conftest.cpp
configure:12984: $? = 0
configure:12998: g++ -E  conftest.cpp
conftest.cpp:23:10: fatal error: 'ac_nonexistent.h' file not found
#include <ac_nonexistent.h>
         ^
1 error generated.
configure:12998: $? = 1
configure: failed program was:
| /* confdefs.h */
| #define PACKAGE_NAME "nemea-common"
| #define PACKAGE_TARNAME "nemea-common"
| #define PACKAGE_VERSION "1.5.1"
| #define PACKAGE_STRING "nemea-common 1.5.1"
| #define PACKAGE_BUGREPORT "traffic-analysis@cesnet.cz"
| #define PACKAGE_URL ""
| #define PACKAGE "nemea-common"
| #define VERSION "1.5.1"
| #define STDC_HEADERS 1
| #define HAVE_SYS_TYPES_H 1
| #define HAVE_SYS_STAT_H 1
| #define HAVE_STDLIB_H 1
| #define HAVE_STRING_H 1
| #define HAVE_MEMORY_H 1
| #define HAVE_STRINGS_H 1
| #define HAVE_INTTYPES_H 1
| #define HAVE_STDINT_H 1
| #define HAVE_UNISTD_H 1
| #define HAVE_DLFCN_H 1
| #define LT_OBJDIR ".libs/"
| /* end confdefs.h.  */
| #include <ac_nonexistent.h>
configure:13160: checking for ld used by g++
configure:13227: result: /Applications/Xcode.app/Contents/Developer/Toolchains/XcodeDefault.xctoolchain/usr/bin/ld
configure:13234: checking if the linker (/Applications/Xcode.app/Contents/Developer/Toolchains/XcodeDefault.xctoolchain/usr/bin/ld) is GNU ld
configure:13249: result: no
configure:13304: checking whether the g++ linker (/Applications/Xcode.app/Contents/Developer/Toolchains/XcodeDefault.xctoolchain/usr/bin/ld) supports shared libraries
configure:14377: result: yes
configure:14413: g++ -c -Wall -O3   conftest.cpp >&5
configure:14416: $? = 0
configure:14897: checking for g++ option to produce PIC
configure:14904: result: -fno-common -DPIC
configure:14912: checking if g++ PIC flag -fno-common -DPIC works
configure:14930: g++ -c -Wall -O3   -fno-common -DPIC -DPIC conftest.cpp >&5
configure:14934: $? = 0
configure:14947: result: yes
configure:14970: checking if g++ static flag -static works
configure:14998: result: no
configure:15010: checking if g++ supports -c -o file.o
configure:15031: g++ -c -Wall -O3   -o out/conftest2.o conftest.cpp >&5
configure:15035: $? = 0
configure:15057: result: yes
configure:15062: checking if g++ supports -c -o file.o
configure:15109: result: yes
configure:15139: checking whether the g++ linker (/Applications/Xcode.app/Contents/Developer/Toolchains/XcodeDefault.xctoolchain/usr/bin/ld) supports shared libraries
configure:15179: result: yes
configure:15320: checking dynamic linker characteristics
configure:16065: result: darwin16.1.0 dyld
configure:16130: checking how to hardcode library paths into programs
configure:16155: result: immediate
configure:16199: checking for rpmbuild
configure:16230: result: no
configure:16294: checking for pkg-config
configure:16312: found /opt/local/bin/pkg-config
configure:16324: result: /opt/local/bin/pkg-config
configure:16349: checking pkg-config is at least version 0.9.0
configure:16352: result: yes
configure:16537: checking for xml2-config
configure:16553: found /opt/local/bin/xml2-config
configure:16564: result: xml2-config
configure:16697: checking for stdint.h
configure:16697: result: yes
configure:16697: checking for stdlib.h
configure:16697: result: yes
configure:16697: checking for string.h
configure:16697: result: yes
configure:16709: checking for uint16_t
configure:16709: gcc -c -Wall -O3  -I/opt/local/include/libxml2   conftest.c >&5
configure:16709: $? = 0
configure:16709: result: yes
configure:16721: checking for uint32_t
configure:16721: gcc -c -Wall -O3  -I/opt/local/include/libxml2   conftest.c >&5
configure:16721: $? = 0
configure:16721: result: yes
configure:16735: checking for uint8_t
configure:16735: gcc -c -Wall -O3  -I/opt/local/include/libxml2   conftest.c >&5
configure:16735: $? = 0
configure:16735: result: yes
configure:16894: checking for doxygen
configure:16912: found /usr/local/bin/doxygen
configure:16924: result: /usr/local/bin/doxygen
configure:17000: checking for perl
configure:17018: found /usr/bin/perl
configure:17030: result: /usr/bin/perl
configure:17806: checking for latex
configure:17839: result: no
configure:17859: WARNING: latex not found - will not generate doxygen PostScript documentation
configure:17912: checking for makeindex
configure:17945: result: no
configure:18018: checking for dvips
configure:18051: result: no
configure:18124: checking for egrep
configure:18142: found /usr/bin/egrep
configure:18154: result: /usr/bin/egrep
configure:18287: checking for pdflatex
configure:18320: result: no
configure:18340: WARNING: pdflatex not found - will not generate doxygen PDF documentation
configure:18393: checking for makeindex
configure:18426: result: no
configure:18499: checking for egrep
configure:18529: result: /usr/bin/egrep
configure:18737: checking that generated files are newer than configure
configure:18743: result: done
configure:18846: creating ./config.status

## ---------------------- ##
## Running config.status. ##
## ---------------------- ##

This file was extended by nemea-common config.status 1.5.1, which was
generated by GNU Autoconf 2.69.  Invocation command line was

  CONFIG_FILES    = 
  CONFIG_HEADERS  = 
  CONFIG_LINKS    = 
  CONFIG_COMMANDS = 
  $ ./config.status 

on xLad-Air

config.status:1220: creating Makefile
config.status:1220: creating Doxyfile
config.status:1220: creating include/Makefile
config.status:1220: creating nemea-common.pc
config.status:1220: creating nemea-common.spec
config.status:1220: creating tests/Makefile
config.status:1220: creating config.h
config.status:1449: executing depfiles commands
config.status:1449: executing libtool commands

## ---------------- ##
## Cache variables. ##
## ---------------- ##

ac_cv_build=x86_64-apple-darwin16.1.0
ac_cv_c_compiler_gnu=yes
ac_cv_c_uint16_t=yes
ac_cv_c_uint32_t=yes
ac_cv_c_uint8_t=yes
ac_cv_cxx_compiler_gnu=yes
ac_cv_env_CCC_set=
ac_cv_env_CCC_value=
ac_cv_env_CC_set=
ac_cv_env_CC_value=
ac_cv_env_CFLAGS_set=
ac_cv_env_CFLAGS_value=
ac_cv_env_CPPFLAGS_set=
ac_cv_env_CPPFLAGS_value=
ac_cv_env_CPP_set=
ac_cv_env_CPP_value=
ac_cv_env_CXXCPP_set=
ac_cv_env_CXXCPP_value=
ac_cv_env_CXXFLAGS_set=
ac_cv_env_CXXFLAGS_value=
ac_cv_env_CXX_set=
ac_cv_env_CXX_value=
ac_cv_env_DOXYGEN_PAPER_SIZE_set=
ac_cv_env_DOXYGEN_PAPER_SIZE_value=
ac_cv_env_LDFLAGS_set=
ac_cv_env_LDFLAGS_value=
ac_cv_env_LIBS_set=
ac_cv_env_LIBS_value=
ac_cv_env_LT_SYS_LIBRARY_PATH_set=
ac_cv_env_LT_SYS_LIBRARY_PATH_value=
ac_cv_env_PKG_CONFIG_LIBDIR_set=
ac_cv_env_PKG_CONFIG_LIBDIR_value=
ac_cv_env_PKG_CONFIG_PATH_set=
ac_cv_env_PKG_CONFIG_PATH_value=
ac_cv_env_PKG_CONFIG_set=
ac_cv_env_PKG_CONFIG_value=
ac_cv_env_XML2_CFLAGS_set=
ac_cv_env_XML2_CFLAGS_value=
ac_cv_env_XML2_LIBS_set=
ac_cv_env_XML2_LIBS_value=
ac_cv_env_build_alias_set=
ac_cv_env_build_alias_value=
ac_cv_env_host_alias_set=
ac_cv_env_host_alias_value=
ac_cv_env_target_alias_set=
ac_cv_env_target_alias_value=
ac_cv_header_dlfcn_h=yes
ac_cv_header_inttypes_h=yes
ac_cv_header_memory_h=yes
ac_cv_header_stdc=yes
ac_cv_header_stdint_h=yes
ac_cv_header_stdlib_h=yes
ac_cv_header_string_h=yes
ac_cv_header_strings_h=yes
ac_cv_header_sys_stat_h=yes
ac_cv_header_sys_types_h=yes
ac_cv_header_unistd_h=yes
ac_cv_host=x86_64-apple-darwin16.1.0
ac_cv_objext=o
ac_cv_path_EGREP='/usr/bin/grep -E'
ac_cv_path_FGREP='/usr/bin/grep -F'
ac_cv_path_GREP=/usr/bin/grep
ac_cv_path_SED=/usr/bin/sed
ac_cv_path_ac_pt_DX_DOXYGEN=/usr/local/bin/doxygen
ac_cv_path_ac_pt_DX_EGREP=/usr/bin/egrep
ac_cv_path_ac_pt_DX_PERL=/usr/bin/perl
ac_cv_path_ac_pt_PKG_CONFIG=/opt/local/bin/pkg-config
ac_cv_path_install='/usr/bin/install -c'
ac_cv_path_lt_DD=/bin/dd
ac_cv_prog_AWK=awk
ac_cv_prog_CPP='gcc -E'
ac_cv_prog_CXXCPP='g++ -E'
ac_cv_prog_RPMBUILD=
ac_cv_prog_ac_ct_AR=ar
ac_cv_prog_ac_ct_CC=gcc
ac_cv_prog_ac_ct_CXX=g++
ac_cv_prog_ac_ct_DSYMUTIL=dsymutil
ac_cv_prog_ac_ct_LIPO=lipo
ac_cv_prog_ac_ct_NMEDIT=nmedit
ac_cv_prog_ac_ct_OBJDUMP=objdump
ac_cv_prog_ac_ct_OTOOL=otool
ac_cv_prog_ac_ct_RANLIB=ranlib
ac_cv_prog_ac_ct_STRIP=strip
ac_cv_prog_cc_c89=
ac_cv_prog_cc_c99=
ac_cv_prog_cc_g=yes
ac_cv_prog_cxx_g=yes
ac_cv_prog_make_make_set=yes
ac_cv_prog_xml2config=xml2-config
am_cv_CC_dependencies_compiler_type=gcc3
am_cv_CXX_dependencies_compiler_type=gcc3
am_cv_make_support_nested_variables=yes
am_cv_prog_cc_c_o=yes
lt_cv_apple_cc_single_mod=yes
lt_cv_ar_at_file=no
lt_cv_deplibs_check_method=pass_all
lt_cv_file_magic_cmd='$MAGIC_CMD'
lt_cv_file_magic_test_file=
lt_cv_ld_exported_symbols_list=yes
lt_cv_ld_force_load=yes
lt_cv_ld_reload_flag=-r
lt_cv_nm_interface='BSD nm'
lt_cv_objdir=.libs
lt_cv_path_LD=/Applications/Xcode.app/Contents/Developer/Toolchains/XcodeDefault.xctoolchain/usr/bin/ld
lt_cv_path_LDCXX=/Applications/Xcode.app/Contents/Developer/Toolchains/XcodeDefault.xctoolchain/usr/bin/ld
lt_cv_path_NM='/usr/bin/nm -B'
lt_cv_path_mainfest_tool=no
lt_cv_prog_compiler_c_o=yes
lt_cv_prog_compiler_c_o_CXX=yes
lt_cv_prog_compiler_pic='-fno-common -DPIC'
lt_cv_prog_compiler_pic_CXX='-fno-common -DPIC'
lt_cv_prog_compiler_pic_works=yes
lt_cv_prog_compiler_pic_works_CXX=yes
lt_cv_prog_compiler_rtti_exceptions=yes
lt_cv_prog_compiler_static_works=no
lt_cv_prog_compiler_static_works_CXX=no
lt_cv_prog_gnu_ld=no
lt_cv_prog_gnu_ldcxx=no
lt_cv_sharedlib_from_linklib_cmd='printf %s\n'
lt_cv_sys_global_symbol_pipe='sed -n -e '\''s/^.*[	 ]\([BCDEGRST][BCDEGRST]*\)[	 ][	 ]*_\([_A-Za-z][_A-Za-z0-9]*\)$/\1 _\2 \2/p'\'' | sed '\''/ __gnu_lto/d'\'''
lt_cv_sys_global_symbol_to_c_name_address='sed -n -e '\''s/^: \(.*\) .*$/  {"\1", (void *) 0},/p'\'' -e '\''s/^[BCDEGRST][BCDEGRST]* .* \(.*\)$/  {"\1", (void *) \&\1},/p'\'''
lt_cv_sys_global_symbol_to_c_name_address_lib_prefix='sed -n -e '\''s/^: \(.*\) .*$/  {"\1", (void *) 0},/p'\'' -e '\''s/^[BCDEGRST][BCDEGRST]* .* \(lib.*\)$/  {"\1", (void *) \&\1},/p'\'' -e '\''s/^[BCDEGRST][BCDEGRST]* .* \(.*\)$/  {"lib\1", (void *) \&\1},/p'\'''
lt_cv_sys_global_symbol_to_cdecl='sed -n -e '\''s/^T .* \(.*\)$/extern int \1();/p'\'' -e '\''s/^[BCDEGRST][BCDEGRST]* .* \(.*\)$/extern char \1;/p'\'''
lt_cv_sys_global_symbol_to_import=
lt_cv_sys_max_cmd_len=196608
lt_cv_to_host_file_cmd=func_convert_file_noop
lt_cv_to_tool_file_cmd=func_convert_file_noop
lt_cv_truncate_bin='/bin/dd bs=4096 count=1'

## ----------------- ##
## Output variables. ##
## ----------------- ##

ACLOCAL='${SHELL} /Users/mac/Documents/workspace/nemea/git/Nemea-Framework/common/missing aclocal-1.15'
AMDEPBACKSLASH='\'
AMDEP_FALSE='#'
AMDEP_TRUE=''
AMTAR='$${TAR-tar}'
AM_BACKSLASH='\'
AM_DEFAULT_V='$(AM_DEFAULT_VERBOSITY)'
AM_DEFAULT_VERBOSITY='0'
AM_V='$(V)'
AR='ar'
AUTOCONF='${SHELL} /Users/mac/Documents/workspace/nemea/git/Nemea-Framework/common/missing autoconf'
AUTOHEADER='${SHELL} /Users/mac/Documents/workspace/nemea/git/Nemea-Framework/common/missing autoheader'
AUTOMAKE='${SHELL} /Users/mac/Documents/workspace/nemea/git/Nemea-Framework/common/missing automake-1.15'
AWK='awk'
CC='gcc'
CCDEPMODE='depmode=gcc3'
CFLAGS='-Wall -O3  -I/opt/local/include/libxml2 '
CPP='gcc -E'
CPPFLAGS=''
CXX='g++'
CXXCPP='g++ -E'
CXXDEPMODE='depmode=gcc3'
CXXFLAGS='-Wall -O3  -I/opt/local/include/libxml2 '
CYGPATH_W='echo'
DEBUG_FALSE=''
DEBUG_TRUE='#'
DEFS='-DHAVE_CONFIG_H'
DEPDIR='.deps'
DLLTOOL='false'
DOXYGEN_PAPER_SIZE=''
DSYMUTIL='dsymutil'
DUMPBIN=''
DX_COND_chi_FALSE=''
DX_COND_chi_TRUE='#'
DX_COND_chm_FALSE=''
DX_COND_chm_TRUE='#'
DX_COND_doc_FALSE='#'
DX_COND_doc_TRUE=''
DX_COND_dot_FALSE=''
DX_COND_dot_TRUE='#'
DX_COND_html_FALSE='#'
DX_COND_html_TRUE=''
DX_COND_latex_FALSE=''
DX_COND_latex_TRUE='#'
DX_COND_man_FALSE=''
DX_COND_man_TRUE='#'
DX_COND_pdf_FALSE=''
DX_COND_pdf_TRUE='#'
DX_COND_ps_FALSE=''
DX_COND_ps_TRUE='#'
DX_COND_rtf_FALSE=''
DX_COND_rtf_TRUE='#'
DX_COND_xml_FALSE=''
DX_COND_xml_TRUE='#'
DX_CONFIG='Doxyfile'
DX_DOCDIR='doc'
DX_DOT=''
DX_DOXYGEN='/usr/local/bin/doxygen'
DX_DVIPS=''
DX_EGREP='/usr/bin/egrep'
DX_ENV=' SRCDIR='\''.'\'' PROJECT='\''nemeacommon'\'' DOCDIR='\''doc'\'' VERSION='\''1.5.1'\'' PERL_PATH='\''/usr/bin/perl'\'' HAVE_DOT='\''NO'\'' GENERATE_MAN='\''NO'\'' GENERATE_RTF='\''NO'\'' GENERATE_XML='\''NO'\'' GENERATE_HTMLHELP='\''NO'\'' GENERATE_CHI='\''NO'\'' GENERATE_HTML='\''YES'\'' GENERATE_LATEX='\''NO'\'''
DX_FLAG_chi='0'
DX_FLAG_chm='0'
DX_FLAG_doc='1'
DX_FLAG_dot='0'
DX_FLAG_html='1'
DX_FLAG_man='0'
DX_FLAG_pdf='0'
DX_FLAG_ps='0'
DX_FLAG_rtf='0'
DX_FLAG_xml='0'
DX_HHC=''
DX_LATEX=''
DX_MAKEINDEX=''
DX_PDFLATEX=''
DX_PERL='/usr/bin/perl'
DX_PROJECT='nemeacommon'
ECHO_C='\c'
ECHO_N=''
ECHO_T=''
EGREP='/usr/bin/grep -E'
ENABLE_TESTS_FALSE='#'
ENABLE_TESTS_TRUE=''
EXEEXT=''
FGREP='/usr/bin/grep -F'
GREP='/usr/bin/grep'
INSTALL_DATA='${INSTALL} -m 644'
INSTALL_PROGRAM='${INSTALL}'
INSTALL_SCRIPT='${INSTALL}'
INSTALL_STRIP_PROGRAM='$(install_sh) -c -s'
LD='/Applications/Xcode.app/Contents/Developer/Toolchains/XcodeDefault.xctoolchain/usr/bin/ld'
LDFLAGS=''
LIBOBJS=''
LIBS=' -L/opt/local/lib -lxml2 -lz -llzma -lpthread -liconv -lm '
LIBTOOL='$(SHELL) $(top_builddir)/libtool'
LIPO='lipo'
LN_S='ln -s'
LTLIBOBJS=''
LT_SYS_LIBRARY_PATH=''
MAKEINFO='${SHELL} /Users/mac/Documents/workspace/nemea/git/Nemea-Framework/common/missing makeinfo'
MAKE_DEB_FALSE=''
MAKE_DEB_TRUE='#'
MAKE_RPMS_FALSE=''
MAKE_RPMS_TRUE='#'
MANIFEST_TOOL=':'
MKDIR_P='./install-sh -c -d'
NM='/usr/bin/nm -B'
NMEDIT='nmedit'
OBJDUMP='objdump'
OBJEXT='o'
OTOOL64=':'
OTOOL='otool'
PACKAGE='nemea-common'
PACKAGE_BUGREPORT='traffic-analysis@cesnet.cz'
PACKAGE_NAME='nemea-common'
PACKAGE_STRING='nemea-common 1.5.1'
PACKAGE_TARNAME='nemea-common'
PACKAGE_URL=''
PACKAGE_VERSION='1.5.1'
PATH_SEPARATOR=':'
PKG_CONFIG='/opt/local/bin/pkg-config'
PKG_CONFIG_LIBDIR=''
PKG_CONFIG_PATH=''
RANLIB='ranlib'
RELEASE='1'
RPMBUILD=''
RPM_RELEASE='1'
SED='/usr/bin/sed'
SET_MAKE=''
SHELL='/bin/sh'
STRIP='strip'
USERMAIL='ladislavmacoun@gmail.com'
USERNAME='Ladislav Macoun'
VERSION='1.5.1'
WITH_LIBXML2_FALSE='#'
WITH_LIBXML2_TRUE=''
XML2_CFLAGS=''
XML2_LIBS=''
ac_ct_AR='ar'
ac_ct_CC='gcc'
ac_ct_CXX='g++'
ac_ct_DUMPBIN=''
am__EXEEXT_FALSE=''
am__EXEEXT_TRUE='#'
am__fastdepCC_FALSE='#'
am__fastdepCC_TRUE=''
am__fastdepCXX_FALSE='#'
am__fastdepCXX_TRUE=''
am__include='include'
am__isrc=''
am__leading_dot='.'
am__nodep='_no'
am__quote=''
am__tar='$${TAR-tar} chof - "$$tardir"'
am__untar='$${TAR-tar} xf -'
bindir='${exec_prefix}/bin'
build='x86_64-apple-darwin16.1.0'
build_alias=''
build_cpu='x86_64'
build_os='darwin16.1.0'
build_vendor='apple'
datadir='${datarootdir}'
datarootdir='${prefix}/share'
docdir='${datarootdir}/doc/${PACKAGE_TARNAME}'
dvidir='${docdir}'
exec_prefix='${prefix}'
host='x86_64-apple-darwin16.1.0'
host_alias=''
host_cpu='x86_64'
host_os='darwin16.1.0'
host_vendor='apple'
htmldir='${docdir}'
includedir='${prefix}/include'
infodir='${datarootdir}/info'
install_sh='${SHELL} /Users/mac/Documents/workspace/nemea/git/Nemea-Framework/common/install-sh'
libdir='${exec_prefix}/lib'
libexecdir='${exec_prefix}/libexec'
localedir='${datarootdir}/locale'
localstatedir='${prefix}/var'
mandir='${datarootdir}/man'
mkdir_p='$(MKDIR_P)'
oldincludedir='/usr/include'
pdfdir='${docdir}'
pkgincludedir='${prefix}/include/nemea-common'
prefix='/usr/local'
program_transform_name='s,x,x,'
psdir='${docdir}'
sbindir='${exec_prefix}/sbin'
sharedstatedir='${prefix}/com'
sysconfdir='${prefix}/etc'
target_alias=''
xml2config='xml2-config'

## ----------- ##
## confdefs.h. ##
## ----------- ##

/* confdefs.h */
#define PACKAGE_NAME "nemea-common"
#define PACKAGE_TARNAME "nemea-common"
#define PACKAGE_VERSION "1.5.1"
#define PACKAGE_STRING "nemea-common 1.5.1"
#define PACKAGE_BUGREPORT "traffic-analysis@cesnet.cz"
#define PACKAGE_URL ""
#define PACKAGE "nemea-common"
#define VERSION "1.5.1"
#define STDC_HEADERS 1
#define HAVE_SYS_TYPES_H 1
#define HAVE_SYS_STAT_H 1
#define HAVE_STDLIB_H 1
#define HAVE_STRING_H 1
#define HAVE_MEMORY_H 1
#define HAVE_STRINGS_H 1
#define HAVE_INTTYPES_H 1
#define HAVE_STDINT_H 1
#define HAVE_UNISTD_H 1
#define HAVE_DLFCN_H 1
#define LT_OBJDIR ".libs/"
#define HAVE_STDINT_H 1
#define HAVE_STDLIB_H 1
#define HAVE_STRING_H 1

configure: exit 0
